<?xml version="1.0" encoding="UTF-8"?>
<!-- Generated by org.testng.reporters.JUnitReportReporter -->
<testsuite hostname="XIPLRAC037" name="example.NewTest" tests="1" failures="0" timestamp="31 Dec 2018 11:08:33 GMT" time="0.018" errors="0">
  <testcase name="vrifyHomePageTitle" time="0.018" classname="example.NewTest"/>
</testsuite> <!-- example.NewTest -->
